{"level":"warn","message":"Mensaje a nivel warn"}
{"level":"warn","message":"Mensaje a nivel warn"}
warning: Mensaje a nivel warn
warning: Mensaje a nivel warn
warning: Mensaje a nivel warn
error: Mensaje a nivel warn
error: Mensaje a nivel warn
warning: Mensaje a nivel warn
warning: Mensaje a nivel warn
warning: Mensaje a nivel warn
warning: Mensaje a nivel warn
warning: Mensaje a nivel warn
warning: Mensaje a nivel warn
warning: Mensaje a nivel warn
error: Mensaje a nivel warn
warning: Mensaje a nivel warn
info: Mensaje a nivel warn
error: Faltan parámetros
error: Faltan parámetros
warning: Mensaje a nivel warn
warning: Mensaje a nivel warn
error: [object Object]
error: Faltan parámetros
warning: Mensaje a nivel warn
